{
  "stats": {
    "suites": 1,
    "tests": 2,
    "passes": 2,
    "pending": 0,
    "failures": 0,
    "start": "2021-11-15T15:38:30.573Z",
    "end": "2021-11-15T15:38:49.033Z",
    "duration": 18460,
    "testsRegistered": 2,
    "passPercent": 100,
    "pendingPercent": 0,
    "other": 0,
    "hasOther": false,
    "skipped": 0,
    "hasSkipped": false
  },
  "results": [
    {
      "uuid": "68883ef3-ba6a-4f62-bf2c-c583de6d7b6c",
      "title": "",
      "fullFile": "cypress/integration/board.spec.js",
      "file": "cypress/integration/board.spec.js",
      "beforeHooks": [],
      "afterHooks": [],
      "tests": [],
      "suites": [
        {
          "uuid": "8eaddee9-0826-4055-b964-f6af823a4c63",
          "title": "CRUD Board",
          "fullFile": "",
          "file": "",
          "beforeHooks": [],
          "afterHooks": [],
          "tests": [
            {
              "title": "Cancel create  board",
              "fullTitle": "CRUD Board Cancel create  board",
              "timedOut": null,
              "duration": 9717,
              "state": "passed",
              "speed": "slow",
              "pass": true,
              "fail": false,
              "pending": false,
              "context": null,
              "code": "_boardModule[\"default\"].cancelCreateBoard({});",
              "err": {},
              "uuid": "329a8161-57df-496d-bf92-98dfba083bb9",
              "parentUUID": "8eaddee9-0826-4055-b964-f6af823a4c63",
              "isHook": false,
              "skipped": false
            },
            {
              "title": "Create new board",
              "fullTitle": "CRUD Board Create new board",
              "timedOut": null,
              "duration": 1668,
              "state": "passed",
              "speed": "slow",
              "pass": true,
              "fail": false,
              "pending": false,
              "context": null,
              "code": "_boardModule[\"default\"].createBoard({});",
              "err": {},
              "uuid": "2205a6d4-9c03-4d90-ad20-72b3a8a71517",
              "parentUUID": "8eaddee9-0826-4055-b964-f6af823a4c63",
              "isHook": false,
              "skipped": false
            }
          ],
          "suites": [],
          "passes": [
            "329a8161-57df-496d-bf92-98dfba083bb9",
            "2205a6d4-9c03-4d90-ad20-72b3a8a71517"
          ],
          "failures": [],
          "pending": [],
          "skipped": [],
          "duration": 11385,
          "root": false,
          "rootEmpty": false,
          "_timeout": 2000
        }
      ],
      "passes": [],
      "failures": [],
      "pending": [],
      "skipped": [],
      "duration": 0,
      "root": true,
      "rootEmpty": true,
      "_timeout": 2000
    }
  ],
  "meta": {
    "mocha": {
      "version": "7.0.1"
    },
    "mochawesome": {
      "options": {
        "quiet": false,
        "reportFilename": "mochawesome",
        "saveHtml": false,
        "saveJson": true,
        "consoleReporter": "spec",
        "useInlineDiffs": false,
        "code": true
      },
      "version": "7.0.1"
    },
    "marge": {
      "options": {
        "reportDir": "cypress/results",
        "overwrite": false,
        "html": false,
        "json": true
      },
      "version": "6.0.1"
    }
  }
}