{
  "stats": {
    "suites": 1,
    "tests": 10,
    "passes": 10,
    "pending": 0,
    "failures": 0,
    "start": "2021-11-15T15:39:02.827Z",
    "end": "2021-11-15T15:39:39.811Z",
    "duration": 36984,
    "testsRegistered": 10,
    "passPercent": 100,
    "pendingPercent": 0,
    "other": 0,
    "hasOther": false,
    "skipped": 0,
    "hasSkipped": false
  },
  "results": [
    {
      "uuid": "dc81a85d-9f56-44ee-bb84-1ec8eeb3151a",
      "title": "",
      "fullFile": "cypress/integration/login.spec.js",
      "file": "cypress/integration/login.spec.js",
      "beforeHooks": [],
      "afterHooks": [],
      "tests": [],
      "suites": [
        {
          "uuid": "d3444b88-1a33-460b-b0f1-a43d784a67c7",
          "title": "Login",
          "fullFile": "",
          "file": "",
          "beforeHooks": [],
          "afterHooks": [],
          "tests": [
            {
              "title": "Login: empty email and password",
              "fullTitle": "Login Login: empty email and password",
              "timedOut": null,
              "duration": 2593,
              "state": "passed",
              "speed": "slow",
              "pass": true,
              "fail": false,
              "pending": false,
              "context": null,
              "code": "_authModule[\"default\"].login({\n  email: \"\",\n  password: \"\"\n});\n_authModule[\"default\"].errorMessage.eq(0).should(\"have.text\", _validationMessages[\"default\"].mustBeValidEmail).and(\"have.css\", \"color\", \"rgb(187, 57, 22)\");\n_authModule[\"default\"].errorMessage.eq(1).should(\"have.text\", _validationMessages[\"default\"].requiredPassword).and(\"have.css\", \"color\", \"rgb(187, 57, 22)\");",
              "err": {},
              "uuid": "07b1cce0-9e70-4772-b449-75f049352a67",
              "parentUUID": "d3444b88-1a33-460b-b0f1-a43d784a67c7",
              "isHook": false,
              "skipped": false
            },
            {
              "title": "Login: No body in email",
              "fullTitle": "Login Login: No body in email",
              "timedOut": null,
              "duration": 2567,
              "state": "passed",
              "speed": "slow",
              "pass": true,
              "fail": false,
              "pending": false,
              "context": null,
              "code": "_authModule[\"default\"].login({\n  email: _data[\"default\"].invalidUser.noBodyemail\n});\n_authModule[\"default\"].errorMessage.should(\"be.visible\").eq(0).should(\"contain\", _validationMessages[\"default\"].mustBeValidEmail).and(\"have.css\", \"color\", \"rgb(187, 57, 22)\");",
              "err": {},
              "uuid": "1fb6b726-fdce-48cd-a3bd-fc9dc9af2a80",
              "parentUUID": "d3444b88-1a33-460b-b0f1-a43d784a67c7",
              "isHook": false,
              "skipped": false
            },
            {
              "title": "Login: No gmail.com part in email",
              "fullTitle": "Login Login: No gmail.com part in email",
              "timedOut": null,
              "duration": 3929,
              "state": "passed",
              "speed": "slow",
              "pass": true,
              "fail": false,
              "pending": false,
              "context": null,
              "code": "_authModule[\"default\"].login({\n  email: _data[\"default\"].invalidUser.noGmailEmail\n});\n_authModule[\"default\"].errorMessage.should(\"be.visible\").eq(0).should(\"contain\", _validationMessages[\"default\"].mustBeValidEmail).and(\"have.css\", \"color\", \"rgb(187, 57, 22)\");",
              "err": {},
              "uuid": "e12f3e1d-aa1a-4ab7-8c7f-2e48567d6663",
              "parentUUID": "d3444b88-1a33-460b-b0f1-a43d784a67c7",
              "isHook": false,
              "skipped": false
            },
            {
              "title": "Login: Email more then 255 charachters",
              "fullTitle": "Login Login: Email more then 255 charachters",
              "timedOut": null,
              "duration": 7610,
              "state": "passed",
              "speed": "slow",
              "pass": true,
              "fail": false,
              "pending": false,
              "context": null,
              "code": "_authModule[\"default\"].login({\n  email: _data[\"default\"].invalidUser.emailMoreThen255char\n});\n_authModule[\"default\"].errorMessage.should(\"be.visible\").eq(0).should(\"contain\", _validationMessages[\"default\"].mustBeValidEmail).and(\"have.css\", \"color\", \"rgb(187, 57, 22)\");",
              "err": {},
              "uuid": "a23c3c99-ca99-48be-9240-360b346d0ae8",
              "parentUUID": "d3444b88-1a33-460b-b0f1-a43d784a67c7",
              "isHook": false,
              "skipped": false
            },
            {
              "title": "Login: Email without @ character",
              "fullTitle": "Login Login: Email without @ character",
              "timedOut": null,
              "duration": 2126,
              "state": "passed",
              "speed": "slow",
              "pass": true,
              "fail": false,
              "pending": false,
              "context": null,
              "code": "_authModule[\"default\"].login({\n  email: _data[\"default\"].invalidUser.noAtSignEmail\n});\n_authModule[\"default\"].errorMessage.should(\"be.visible\").eq(0).should(\"contain\", _validationMessages[\"default\"].mustBeValidEmail).and(\"have.css\", \"color\", \"rgb(187, 57, 22)\");",
              "err": {},
              "uuid": "f1b69b2a-6109-460b-81a6-09111507de21",
              "parentUUID": "d3444b88-1a33-460b-b0f1-a43d784a67c7",
              "isHook": false,
              "skipped": false
            },
            {
              "title": "Login: Wrong email, correct password",
              "fullTitle": "Login Login: Wrong email, correct password",
              "timedOut": null,
              "duration": 2439,
              "state": "passed",
              "speed": "slow",
              "pass": true,
              "fail": false,
              "pending": false,
              "context": null,
              "code": "_authModule[\"default\"].login({\n  email: _data[\"default\"].invalidUser.wrongEmail\n});\n_authModule[\"default\"].mainErrorMessage.should(\"be.visible\").eq(0).should(\"contain\", _validationMessages[\"default\"].wrongCombination).and(\"have.css\", \"color\", \"rgb(187, 57, 22)\");",
              "err": {},
              "uuid": "fafff78d-9806-43db-954f-7a473ac61dfd",
              "parentUUID": "d3444b88-1a33-460b-b0f1-a43d784a67c7",
              "isHook": false,
              "skipped": false
            },
            {
              "title": "Login: Invalid password",
              "fullTitle": "Login Login: Invalid password",
              "timedOut": null,
              "duration": 2381,
              "state": "passed",
              "speed": "slow",
              "pass": true,
              "fail": false,
              "pending": false,
              "context": null,
              "code": "_authModule[\"default\"].login({\n  password: _data[\"default\"].invalidUser.invalidPassword\n});\n_authModule[\"default\"].errorMessage.should(\"have.text\", _validationMessages[\"default\"].password5characters).and(\"have.css\", \"color\", \"rgb(187, 57, 22)\");",
              "err": {},
              "uuid": "a6a02071-d2d0-4bfc-832d-febc27dd20f3",
              "parentUUID": "d3444b88-1a33-460b-b0f1-a43d784a67c7",
              "isHook": false,
              "skipped": false
            },
            {
              "title": "Login: Wrong password",
              "fullTitle": "Login Login: Wrong password",
              "timedOut": null,
              "duration": 2948,
              "state": "passed",
              "speed": "slow",
              "pass": true,
              "fail": false,
              "pending": false,
              "context": null,
              "code": "_authModule[\"default\"].login({\n  password: _data[\"default\"].invalidUser.wrongPassword\n});\n_authModule[\"default\"].mainErrorMessage.should(\"be.visible\").should(\"have.text\", _validationMessages[\"default\"].wrongCombination).and(\"have.css\", \"color\", \"rgb(187, 57, 22)\");",
              "err": {},
              "uuid": "ae4374cb-aa2b-4e84-b40d-d69427c24ef6",
              "parentUUID": "d3444b88-1a33-460b-b0f1-a43d784a67c7",
              "isHook": false,
              "skipped": false
            },
            {
              "title": "Valid login",
              "fullTitle": "Login Valid login",
              "timedOut": null,
              "duration": 3487,
              "state": "passed",
              "speed": "slow",
              "pass": true,
              "fail": false,
              "pending": false,
              "context": null,
              "code": "cy.validLogin();",
              "err": {},
              "uuid": "4ff5f8a8-6d87-4ba5-9692-d2212bccd406",
              "parentUUID": "d3444b88-1a33-460b-b0f1-a43d784a67c7",
              "isHook": false,
              "skipped": false
            },
            {
              "title": "Logout",
              "fullTitle": "Login Logout",
              "timedOut": null,
              "duration": 6163,
              "state": "passed",
              "speed": "slow",
              "pass": true,
              "fail": false,
              "pending": false,
              "context": null,
              "code": "cy.validLogin();\n_authModule[\"default\"].logout();\ncy.url().should(\"contain\", \"/login\");",
              "err": {},
              "uuid": "3b8ce939-fc33-4718-8cf9-b4228c1997f4",
              "parentUUID": "d3444b88-1a33-460b-b0f1-a43d784a67c7",
              "isHook": false,
              "skipped": false
            }
          ],
          "suites": [],
          "passes": [
            "07b1cce0-9e70-4772-b449-75f049352a67",
            "1fb6b726-fdce-48cd-a3bd-fc9dc9af2a80",
            "e12f3e1d-aa1a-4ab7-8c7f-2e48567d6663",
            "a23c3c99-ca99-48be-9240-360b346d0ae8",
            "f1b69b2a-6109-460b-81a6-09111507de21",
            "fafff78d-9806-43db-954f-7a473ac61dfd",
            "a6a02071-d2d0-4bfc-832d-febc27dd20f3",
            "ae4374cb-aa2b-4e84-b40d-d69427c24ef6",
            "4ff5f8a8-6d87-4ba5-9692-d2212bccd406",
            "3b8ce939-fc33-4718-8cf9-b4228c1997f4"
          ],
          "failures": [],
          "pending": [],
          "skipped": [],
          "duration": 36243,
          "root": false,
          "rootEmpty": false,
          "_timeout": 2000
        }
      ],
      "passes": [],
      "failures": [],
      "pending": [],
      "skipped": [],
      "duration": 0,
      "root": true,
      "rootEmpty": true,
      "_timeout": 2000
    }
  ],
  "meta": {
    "mocha": {
      "version": "7.0.1"
    },
    "mochawesome": {
      "options": {
        "quiet": false,
        "reportFilename": "mochawesome",
        "saveHtml": false,
        "saveJson": true,
        "consoleReporter": "spec",
        "useInlineDiffs": false,
        "code": true
      },
      "version": "7.0.1"
    },
    "marge": {
      "options": {
        "reportDir": "cypress/results",
        "overwrite": false,
        "html": false,
        "json": true
      },
      "version": "6.0.1"
    }
  }
}