{
  "stats": {
    "suites": 1,
    "tests": 7,
    "passes": 6,
    "pending": 0,
    "failures": 1,
    "start": "2021-11-16T13:44:17.508Z",
    "end": "2021-11-16T13:45:01.856Z",
    "duration": 44348,
    "testsRegistered": 7,
    "passPercent": 85.71428571428571,
    "pendingPercent": 0,
    "other": 0,
    "hasOther": false,
    "skipped": 0,
    "hasSkipped": false
  },
  "results": [
    {
      "uuid": "572e0d44-c19f-4e1b-a437-5283c7ce4c03",
      "title": "",
      "fullFile": "cypress/integration/regrister.spec.js",
      "file": "cypress/integration/regrister.spec.js",
      "beforeHooks": [],
      "afterHooks": [],
      "tests": [],
      "suites": [
        {
          "uuid": "1d183cd0-2748-4ba2-9c3a-93dcdf32c1bf",
          "title": "Register",
          "fullFile": "",
          "file": "",
          "beforeHooks": [],
          "afterHooks": [],
          "tests": [
            {
              "title": "Register: Empty fields and checkbox not checked",
              "fullTitle": "Register Register: Empty fields and checkbox not checked",
              "timedOut": null,
              "duration": 7676,
              "state": "passed",
              "speed": "slow",
              "pass": true,
              "fail": false,
              "pending": false,
              "context": null,
              "code": "_authModule[\"default\"].register({\n  email: \"\",\n  password: \"\",\n  numberOfUsers: \"\",\n  checkbox: false\n}), _authModule[\"default\"].errorMessage.eq(0).should(\"have.text\", _validationMessages[\"default\"].mustBeValidEmail).and(\"have.css\", \"color\", \"rgb(187, 57, 22)\"), _authModule[\"default\"].errorMessage.eq(1).should(\"have.text\", _validationMessages[\"default\"].requiredPassword).and(\"have.css\", \"color\", \"rgb(187, 57, 22)\"), _authModule[\"default\"].errorMessage.eq(2).should(\"have.text\", _validationMessages[\"default\"].requiredNumberOfUsers).and(\"have.css\", \"color\", \"rgb(187, 57, 22)\");\n_authModule[\"default\"].errorMessage.eq(3).should(\"have.text\", _validationMessages[\"default\"].requiredTermsAndConditions).and(\"have.css\", \"color\", \"rgb(187, 57, 22)\");",
              "err": {},
              "uuid": "3eb44fb9-0c18-43c0-a86e-dfbaf0a7e926",
              "parentUUID": "1d183cd0-2748-4ba2-9c3a-93dcdf32c1bf",
              "isHook": false,
              "skipped": false
            },
            {
              "title": "Register: Email more then 255 characters",
              "fullTitle": "Register Register: Email more then 255 characters",
              "timedOut": null,
              "duration": 9754,
              "state": "passed",
              "speed": "slow",
              "pass": true,
              "fail": false,
              "pending": false,
              "context": null,
              "code": "_authModule[\"default\"].register({\n  email: _data[\"default\"].invalidUser.emailMoreThen255char\n}), _authModule[\"default\"].errorMessage.eq(0).should(\"have.text\", _validationMessages[\"default\"].mustBeValidEmail).and(\"have.css\", \"color\", \"rgb(187, 57, 22)\");",
              "err": {},
              "uuid": "79a48062-0636-4d42-896d-3cdf83380d1d",
              "parentUUID": "1d183cd0-2748-4ba2-9c3a-93dcdf32c1bf",
              "isHook": false,
              "skipped": false
            },
            {
              "title": "Register: No body email",
              "fullTitle": "Register Register: No body email",
              "timedOut": null,
              "duration": 3368,
              "state": "passed",
              "speed": "slow",
              "pass": true,
              "fail": false,
              "pending": false,
              "context": null,
              "code": "_authModule[\"default\"].register({\n  email: _data[\"default\"].invalidUser.noBodyemail\n}), _authModule[\"default\"].errorMessage.eq(0).should(\"have.text\", _validationMessages[\"default\"].mustBeValidEmail).and(\"have.css\", \"color\", \"rgb(187, 57, 22)\");",
              "err": {},
              "uuid": "ba38883d-7ad6-4edd-aaa5-be5c65d21484",
              "parentUUID": "1d183cd0-2748-4ba2-9c3a-93dcdf32c1bf",
              "isHook": false,
              "skipped": false
            },
            {
              "title": "Register: No @ sign email",
              "fullTitle": "Register Register: No @ sign email",
              "timedOut": null,
              "duration": 4305,
              "state": "passed",
              "speed": "slow",
              "pass": true,
              "fail": false,
              "pending": false,
              "context": null,
              "code": "_authModule[\"default\"].register({\n  email: _data[\"default\"].invalidUser.noAtSignEmail\n}), _authModule[\"default\"].errorMessage.eq(0).should(\"have.text\", _validationMessages[\"default\"].mustBeValidEmail).and(\"have.css\", \"color\", \"rgb(187, 57, 22)\");",
              "err": {},
              "uuid": "9d4b701e-899e-42be-8a59-5cf5d00485a5",
              "parentUUID": "1d183cd0-2748-4ba2-9c3a-93dcdf32c1bf",
              "isHook": false,
              "skipped": false
            },
            {
              "title": "Register: Invalid password",
              "fullTitle": "Register Register: Invalid password",
              "timedOut": null,
              "duration": 3384,
              "state": "passed",
              "speed": "slow",
              "pass": true,
              "fail": false,
              "pending": false,
              "context": null,
              "code": "_authModule[\"default\"].register({\n  password: _data[\"default\"].invalidUser.invalidPassword\n}), _authModule[\"default\"].errorMessage.eq(1).should(\"have.text\", _validationMessages[\"default\"].password5characters).and(\"have.css\", \"color\", \"rgb(187, 57, 22)\");",
              "err": {},
              "uuid": "3f3e6b0a-24af-4e74-93a1-e1f65e3780ee",
              "parentUUID": "1d183cd0-2748-4ba2-9c3a-93dcdf32c1bf",
              "isHook": false,
              "skipped": false
            },
            {
              "title": "Register: Invalid number of users",
              "fullTitle": "Register Register: Invalid number of users",
              "timedOut": null,
              "duration": 3412,
              "state": "passed",
              "speed": "slow",
              "pass": true,
              "fail": false,
              "pending": false,
              "context": null,
              "code": "_authModule[\"default\"].register({\n  numberOfUsers: _data[\"default\"].invalidUser.invalidNumberOfUsers\n}), _authModule[\"default\"].errorMessage.eq(2).should(\"have.text\", _validationMessages[\"default\"].invalidNumberOfUsers).and(\"have.css\", \"color\", \"rgb(187, 57, 22)\");",
              "err": {},
              "uuid": "79fd20b1-2dc1-4394-8fc1-3252e67084c0",
              "parentUUID": "1d183cd0-2748-4ba2-9c3a-93dcdf32c1bf",
              "isHook": false,
              "skipped": false
            },
            {
              "title": "Register: Valid registration",
              "fullTitle": "Register Register: Valid registration",
              "timedOut": null,
              "duration": 7911,
              "state": "failed",
              "speed": null,
              "pass": false,
              "fail": true,
              "pending": false,
              "context": null,
              "code": "_authModule[\"default\"].register({});\n_authModule[\"default\"].logout();\n_authModule[\"default\"].login({});\ncy.wait(2000);\n_authModule[\"default\"].finishRegister();",
              "err": {
                "message": "AssertionError: Timed out retrying: Expected to find element: `img[class='vs-u-img--round vs-c-user-avatar']`, but never found it.",
                "estack": "AssertionError: Timed out retrying: Expected to find element: `img[class='vs-u-img--round vs-c-user-avatar']`, but never found it.\n    at Object.logout (https://cypress-api.vivifyscrum-stage.com/__cypress/tests?p=cypress/integration/regrister.spec.js:342:47)\n    at Context.eval (https://cypress-api.vivifyscrum-stage.com/__cypress/tests?p=cypress/integration/regrister.spec.js:200:28)",
                "diff": null
              },
              "uuid": "437b7719-99cf-4efe-a9c3-ab80562979b8",
              "parentUUID": "1d183cd0-2748-4ba2-9c3a-93dcdf32c1bf",
              "isHook": false,
              "skipped": false
            }
          ],
          "suites": [],
          "passes": [
            "3eb44fb9-0c18-43c0-a86e-dfbaf0a7e926",
            "79a48062-0636-4d42-896d-3cdf83380d1d",
            "ba38883d-7ad6-4edd-aaa5-be5c65d21484",
            "9d4b701e-899e-42be-8a59-5cf5d00485a5",
            "3f3e6b0a-24af-4e74-93a1-e1f65e3780ee",
            "79fd20b1-2dc1-4394-8fc1-3252e67084c0"
          ],
          "failures": [
            "437b7719-99cf-4efe-a9c3-ab80562979b8"
          ],
          "pending": [],
          "skipped": [],
          "duration": 39810,
          "root": false,
          "rootEmpty": false,
          "_timeout": 2000
        }
      ],
      "passes": [],
      "failures": [],
      "pending": [],
      "skipped": [],
      "duration": 0,
      "root": true,
      "rootEmpty": true,
      "_timeout": 2000
    }
  ],
  "meta": {
    "mocha": {
      "version": "7.0.1"
    },
    "mochawesome": {
      "options": {
        "quiet": false,
        "reportFilename": "mochawesome",
        "saveHtml": true,
        "saveJson": true,
        "consoleReporter": "spec",
        "useInlineDiffs": false,
        "code": true
      },
      "version": "7.0.1"
    },
    "marge": {
      "options": {
        "reportDir": "cypress/results"
      },
      "version": "6.0.1"
    }
  }
}