{
  "stats": {
    "suites": 1,
    "tests": 10,
    "passes": 10,
    "pending": 0,
    "failures": 0,
    "start": "2021-11-15T15:48:50.790Z",
    "end": "2021-11-15T15:49:27.612Z",
    "duration": 36822,
    "testsRegistered": 10,
    "passPercent": 100,
    "pendingPercent": 0,
    "other": 0,
    "hasOther": false,
    "skipped": 0,
    "hasSkipped": false
  },
  "results": [
    {
      "uuid": "ca0197c8-81ad-4aa6-b71c-b9c6037b328d",
      "title": "",
      "fullFile": "cypress/integration/login.spec.js",
      "file": "cypress/integration/login.spec.js",
      "beforeHooks": [],
      "afterHooks": [],
      "tests": [],
      "suites": [
        {
          "uuid": "096f7c92-9b35-4f85-9d9a-8d8cc5c580f2",
          "title": "Login",
          "fullFile": "",
          "file": "",
          "beforeHooks": [],
          "afterHooks": [],
          "tests": [
            {
              "title": "Login: empty email and password",
              "fullTitle": "Login Login: empty email and password",
              "timedOut": null,
              "duration": 3876,
              "state": "passed",
              "speed": "slow",
              "pass": true,
              "fail": false,
              "pending": false,
              "context": null,
              "code": "_authModule[\"default\"].login({\n  email: \"\",\n  password: \"\"\n});\n_authModule[\"default\"].errorMessage.eq(0).should(\"have.text\", _validationMessages[\"default\"].mustBeValidEmail).and(\"have.css\", \"color\", \"rgb(187, 57, 22)\");\n_authModule[\"default\"].errorMessage.eq(1).should(\"have.text\", _validationMessages[\"default\"].requiredPassword).and(\"have.css\", \"color\", \"rgb(187, 57, 22)\");",
              "err": {},
              "uuid": "69cb0ac2-02a1-4a86-a444-3e197f072cff",
              "parentUUID": "096f7c92-9b35-4f85-9d9a-8d8cc5c580f2",
              "isHook": false,
              "skipped": false
            },
            {
              "title": "Login: No body in email",
              "fullTitle": "Login Login: No body in email",
              "timedOut": null,
              "duration": 3126,
              "state": "passed",
              "speed": "slow",
              "pass": true,
              "fail": false,
              "pending": false,
              "context": null,
              "code": "_authModule[\"default\"].login({\n  email: _data[\"default\"].invalidUser.noBodyemail\n});\n_authModule[\"default\"].errorMessage.should(\"be.visible\").eq(0).should(\"contain\", _validationMessages[\"default\"].mustBeValidEmail).and(\"have.css\", \"color\", \"rgb(187, 57, 22)\");",
              "err": {},
              "uuid": "9295cd39-1cb7-4796-be6e-56901aadec5f",
              "parentUUID": "096f7c92-9b35-4f85-9d9a-8d8cc5c580f2",
              "isHook": false,
              "skipped": false
            },
            {
              "title": "Login: No gmail.com part in email",
              "fullTitle": "Login Login: No gmail.com part in email",
              "timedOut": null,
              "duration": 1765,
              "state": "passed",
              "speed": "slow",
              "pass": true,
              "fail": false,
              "pending": false,
              "context": null,
              "code": "_authModule[\"default\"].login({\n  email: _data[\"default\"].invalidUser.noGmailEmail\n});\n_authModule[\"default\"].errorMessage.should(\"be.visible\").eq(0).should(\"contain\", _validationMessages[\"default\"].mustBeValidEmail).and(\"have.css\", \"color\", \"rgb(187, 57, 22)\");",
              "err": {},
              "uuid": "5d248840-7b32-46b8-b98c-ef48a5d140ed",
              "parentUUID": "096f7c92-9b35-4f85-9d9a-8d8cc5c580f2",
              "isHook": false,
              "skipped": false
            },
            {
              "title": "Login: Email more then 255 charachters",
              "fullTitle": "Login Login: Email more then 255 charachters",
              "timedOut": null,
              "duration": 12146,
              "state": "passed",
              "speed": "slow",
              "pass": true,
              "fail": false,
              "pending": false,
              "context": null,
              "code": "_authModule[\"default\"].login({\n  email: _data[\"default\"].invalidUser.emailMoreThen255char\n});\n_authModule[\"default\"].errorMessage.should(\"be.visible\").eq(0).should(\"contain\", _validationMessages[\"default\"].mustBeValidEmail).and(\"have.css\", \"color\", \"rgb(187, 57, 22)\");",
              "err": {},
              "uuid": "2fb93418-e539-4eb8-91c6-ccd1dd7038c2",
              "parentUUID": "096f7c92-9b35-4f85-9d9a-8d8cc5c580f2",
              "isHook": false,
              "skipped": false
            },
            {
              "title": "Login: Email without @ character",
              "fullTitle": "Login Login: Email without @ character",
              "timedOut": null,
              "duration": 2329,
              "state": "passed",
              "speed": "slow",
              "pass": true,
              "fail": false,
              "pending": false,
              "context": null,
              "code": "_authModule[\"default\"].login({\n  email: _data[\"default\"].invalidUser.noAtSignEmail\n});\n_authModule[\"default\"].errorMessage.should(\"be.visible\").eq(0).should(\"contain\", _validationMessages[\"default\"].mustBeValidEmail).and(\"have.css\", \"color\", \"rgb(187, 57, 22)\");",
              "err": {},
              "uuid": "b6462bc4-5810-43a3-a6bb-11b89506fbec",
              "parentUUID": "096f7c92-9b35-4f85-9d9a-8d8cc5c580f2",
              "isHook": false,
              "skipped": false
            },
            {
              "title": "Login: Wrong email, correct password",
              "fullTitle": "Login Login: Wrong email, correct password",
              "timedOut": null,
              "duration": 2334,
              "state": "passed",
              "speed": "slow",
              "pass": true,
              "fail": false,
              "pending": false,
              "context": null,
              "code": "_authModule[\"default\"].login({\n  email: _data[\"default\"].invalidUser.wrongEmail\n});\n_authModule[\"default\"].mainErrorMessage.should(\"be.visible\").eq(0).should(\"contain\", _validationMessages[\"default\"].wrongCombination).and(\"have.css\", \"color\", \"rgb(187, 57, 22)\");",
              "err": {},
              "uuid": "4a6e68ad-184d-43ba-8254-33772e6b86e3",
              "parentUUID": "096f7c92-9b35-4f85-9d9a-8d8cc5c580f2",
              "isHook": false,
              "skipped": false
            },
            {
              "title": "Login: Invalid password",
              "fullTitle": "Login Login: Invalid password",
              "timedOut": null,
              "duration": 1704,
              "state": "passed",
              "speed": "slow",
              "pass": true,
              "fail": false,
              "pending": false,
              "context": null,
              "code": "_authModule[\"default\"].login({\n  password: _data[\"default\"].invalidUser.invalidPassword\n});\n_authModule[\"default\"].errorMessage.should(\"have.text\", _validationMessages[\"default\"].password5characters).and(\"have.css\", \"color\", \"rgb(187, 57, 22)\");",
              "err": {},
              "uuid": "0d20d4e7-8223-43fd-8352-8cf203bdd3fa",
              "parentUUID": "096f7c92-9b35-4f85-9d9a-8d8cc5c580f2",
              "isHook": false,
              "skipped": false
            },
            {
              "title": "Login: Wrong password",
              "fullTitle": "Login Login: Wrong password",
              "timedOut": null,
              "duration": 2496,
              "state": "passed",
              "speed": "slow",
              "pass": true,
              "fail": false,
              "pending": false,
              "context": null,
              "code": "_authModule[\"default\"].login({\n  password: _data[\"default\"].invalidUser.wrongPassword\n});\n_authModule[\"default\"].mainErrorMessage.should(\"be.visible\").should(\"have.text\", _validationMessages[\"default\"].wrongCombination).and(\"have.css\", \"color\", \"rgb(187, 57, 22)\");",
              "err": {},
              "uuid": "e0e5b169-9ae0-4b18-8a65-0c0538bb14bc",
              "parentUUID": "096f7c92-9b35-4f85-9d9a-8d8cc5c580f2",
              "isHook": false,
              "skipped": false
            },
            {
              "title": "Valid login",
              "fullTitle": "Login Valid login",
              "timedOut": null,
              "duration": 2006,
              "state": "passed",
              "speed": "slow",
              "pass": true,
              "fail": false,
              "pending": false,
              "context": null,
              "code": "cy.validLogin();",
              "err": {},
              "uuid": "327386de-2a98-421f-b703-1e21aff44f23",
              "parentUUID": "096f7c92-9b35-4f85-9d9a-8d8cc5c580f2",
              "isHook": false,
              "skipped": false
            },
            {
              "title": "Logout",
              "fullTitle": "Login Logout",
              "timedOut": null,
              "duration": 4652,
              "state": "passed",
              "speed": "slow",
              "pass": true,
              "fail": false,
              "pending": false,
              "context": null,
              "code": "cy.validLogin();\n_authModule[\"default\"].logout();\ncy.url().should(\"contain\", \"/login\");",
              "err": {},
              "uuid": "6320bcb0-0776-4a97-8ef4-0ab52ff2d1e3",
              "parentUUID": "096f7c92-9b35-4f85-9d9a-8d8cc5c580f2",
              "isHook": false,
              "skipped": false
            }
          ],
          "suites": [],
          "passes": [
            "69cb0ac2-02a1-4a86-a444-3e197f072cff",
            "9295cd39-1cb7-4796-be6e-56901aadec5f",
            "5d248840-7b32-46b8-b98c-ef48a5d140ed",
            "2fb93418-e539-4eb8-91c6-ccd1dd7038c2",
            "b6462bc4-5810-43a3-a6bb-11b89506fbec",
            "4a6e68ad-184d-43ba-8254-33772e6b86e3",
            "0d20d4e7-8223-43fd-8352-8cf203bdd3fa",
            "e0e5b169-9ae0-4b18-8a65-0c0538bb14bc",
            "327386de-2a98-421f-b703-1e21aff44f23",
            "6320bcb0-0776-4a97-8ef4-0ab52ff2d1e3"
          ],
          "failures": [],
          "pending": [],
          "skipped": [],
          "duration": 36434,
          "root": false,
          "rootEmpty": false,
          "_timeout": 2000
        }
      ],
      "passes": [],
      "failures": [],
      "pending": [],
      "skipped": [],
      "duration": 0,
      "root": true,
      "rootEmpty": true,
      "_timeout": 2000
    }
  ],
  "meta": {
    "mocha": {
      "version": "7.0.1"
    },
    "mochawesome": {
      "options": {
        "quiet": false,
        "reportFilename": "mochawesome",
        "saveHtml": true,
        "saveJson": true,
        "consoleReporter": "spec",
        "useInlineDiffs": false,
        "code": true
      },
      "version": "7.0.1"
    },
    "marge": {
      "options": {
        "reportDir": "cypress/results",
        "overwrite": false,
        "html": true,
        "json": true
      },
      "version": "6.0.1"
    }
  }
}